Arguments: 
  C:\Program Files\nodejs\node.exe C:\Users\WIN-10\AppData\Roaming\npm\node_modules\yarn\bin\yarn.js add express cors nodemon dontenv

PATH: 
  C:\Windows\system32;C:\Windows;C:\Windows\System32\Wbem;C:\Windows\System32\WindowsPowerShell\v1.0\;C:\Windows\System32\OpenSSH\;C:\Program Files\Git\cmd;C:\ProgramData\chocolatey\bin;C:\tools\php82;C:\ProgramData\ComposerSetup\bin;C:\Program Files\PostgreSQL\15\bin;C:\Program Files\nodejs\;C:\Users\WIN-10\AppData\Local\Microsoft\WindowsApps;C:\Users\WIN-10\AppData\Local\Programs\Microsoft VS Code\bin;C:\Users\WIN-10\AppData\Roaming\Composer\vendor\bin;C:\Users\WIN-10\AppData\Local\Programs\oh-my-posh\bin;C:\Users\WIN-10\AppData\Local\Android\Sdk\platform-tools;C:\Users\WIN-10\AppData\Roaming\npm

Yarn version: 
  1.22.19

Node version: 
  20.4.0

Platform: 
  win32 x64

Trace: 
  Error: https://registry.yarnpkg.com/dontenv: Not found
      at params.callback [as _callback] (C:\Users\WIN-10\AppData\Roaming\npm\node_modules\yarn\lib\cli.js:66145:18)
      at self.callback (C:\Users\WIN-10\AppData\Roaming\npm\node_modules\yarn\lib\cli.js:140890:22)
      at Request.emit (node:events:512:28)
      at Request.<anonymous> (C:\Users\WIN-10\AppData\Roaming\npm\node_modules\yarn\lib\cli.js:141862:10)
      at Request.emit (node:events:512:28)
      at IncomingMessage.<anonymous> (C:\Users\WIN-10\AppData\Roaming\npm\node_modules\yarn\lib\cli.js:141784:12)
      at Object.onceWrapper (node:events:626:28)
      at IncomingMessage.emit (node:events:524:35)
      at endReadableNT (node:internal/streams/readable:1378:12)
      at process.processTicksAndRejections (node:internal/process/task_queues:82:21)

npm manifest: 
  {
    "name": "backend",
    "version": "1.0.0",
    "main": "index.js",
    "license": "MIT"
  }

yarn manifest: 
  No manifest

Lockfile: 
  No lockfile
